[https @ 00000276112893c0] HTTP error 503 Service Unavailable
[https @ 00000276112893c0] Will reconnect at 0 in 0 second(s).
[https @ 00000276112893c0] HTTP error 503 Service Unavailable
[https @ 00000276112893c0] Will reconnect at 0 in 1 second(s).
[https @ 00000276112893c0] HTTP error 503 Service Unavailable
[https @ 00000276112893c0] Will reconnect at 0 in 3 second(s).
[https @ 00000276112893c0] HTTP error 503 Service Unavailable
[https @ 00000276112893c0] Will reconnect at 0 in 7 second(s).
[https @ 00000276112893c0] HTTP error 503 Service Unavailable
[https @ 00000276112893c0] Will reconnect at 0 in 15 second(s).
[https @ 00000276112893c0] HTTP error 503 Service Unavailable
[in#0 @ 0000027611287400] Error opening input: Server returned 5XX Server Error reply
Error opening input file https://stream-163.zeno.fm/63m2aexn1v8uv.
Error opening input files: Server returned 5XX Server Error reply
[https @ 0000017f268e5800] HTTP error 503 Service Unavailable
[https @ 0000017f268e5800] Will reconnect at 0 in 0 second(s).
[https @ 0000017f268e5800] HTTP error 503 Service Unavailable
[https @ 0000017f268e5800] Will reconnect at 0 in 1 second(s).
[https @ 0000017f268e5800] HTTP error 503 Service Unavailable
[https @ 0000017f268e5800] Will reconnect at 0 in 3 second(s).
[https @ 0000017f268e5800] HTTP error 503 Service Unavailable
[https @ 0000017f268e5800] Will reconnect at 0 in 7 second(s).
[https @ 0000017f268e5800] HTTP error 503 Service Unavailable
[https @ 0000017f268e5800] Will reconnect at 0 in 15 second(s).
[https @ 0000017f268e5800] HTTP error 503 Service Unavailable
[in#0 @ 0000017f268e5b80] Error opening input: Server returned 5XX Server Error reply
Error opening input file https://stream-163.zeno.fm/63m2aexn1v8uv.
Error opening input files: Server returned 5XX Server Error reply
[https @ 000001916cf2ab40] HTTP error 503 Service Unavailable
[https @ 000001916cf2ab40] Will reconnect at 0 in 0 second(s).
[https @ 000001916cf2ab40] HTTP error 503 Service Unavailable
[https @ 000001916cf2ab40] Will reconnect at 0 in 1 second(s).
[https @ 000001916cf2ab40] HTTP error 503 Service Unavailable
[https @ 000001916cf2ab40] Will reconnect at 0 in 3 second(s).
[https @ 000001916cf2ab40] HTTP error 503 Service Unavailable
[https @ 000001916cf2ab40] Will reconnect at 0 in 7 second(s).
[https @ 000001916cf2ab40] HTTP error 503 Service Unavailable
[https @ 000001916cf2ab40] Will reconnect at 0 in 15 second(s).
[https @ 000001916cf2ab40] HTTP error 503 Service Unavailable
[in#0 @ 000001916cf25c80] Error opening input: Server returned 5XX Server Error reply
Error opening input file https://stream-163.zeno.fm/63m2aexn1v8uv.
Error opening input files: Server returned 5XX Server Error reply
[https @ 000001a284a0a800] HTTP error 503 Service Unavailable
[https @ 000001a284a0a800] Will reconnect at 0 in 0 second(s).
