[tls @ 0000020c8357e300] Error in the pull function.
[tls @ 0000020c8357e300] IO error: Error number -138 occurred
[https @ 0000020c83579a80] Will reconnect at 129675 in 0 second(s), error=Error number -138 occurred.
[tls @ 0000020c8357dd40] Error in the pull function.
[tls @ 0000020c8357dd40] IO error: Error number -138 occurred
[https @ 0000020c83579a80] Will reconnect at 129675 in 0 second(s), error=Error number -138 occurred.
[tls @ 0000020c8357dfc0] Error in the pull function.
[tls @ 0000020c8357dfc0] IO error: Error number -138 occurred
[https @ 0000020c83579a80] Will reconnect at 129675 in 0 second(s), error=Error number -138 occurred.
[tls @ 0000020c8357dac0] Error in the pull function.
[tls @ 0000020c8357dac0] IO error: Error number -138 occurred
[https @ 0000020c83579a80] Will reconnect at 129675 in 0 second(s), error=Error number -138 occurred.
[tls @ 0000020c8357dc80] Error in the pull function.
[tls @ 0000020c8357dc80] IO error: Error number -138 occurred
[https @ 0000020c83579a80] Will reconnect at 129675 in 0 second(s), error=Error number -138 occurred.
[tls @ 0000020c8357dd40] Error in the pull function.
[tls @ 0000020c8357dd40] IO error: Error number -138 occurred
[https @ 0000020c83579a80] Will reconnect at 129675 in 0 second(s), error=Error number -138 occurred.
[tls @ 0000020c8357e200] Error in the pull function.
[tls @ 0000020c8357e200] IO error: Error number -138 occurred
[https @ 0000020c83579a80] Will reconnect at 129675 in 0 second(s), error=Error number -138 occurred.
[tls @ 0000020c8357e140] Error in the pull function.
[tls @ 0000020c8357e140] IO error: Error number -138 occurred
[https @ 0000020c83579a80] Will reconnect at 129675 in 0 second(s), error=Error number -138 occurred.
[tls @ 0000020c8357db80] Error in the pull function.
[tls @ 0000020c8357db80] IO error: Error number -138 occurred
[https @ 0000020c83579a80] Will reconnect at 129675 in 0 second(s), error=Error number -138 occurred.
[tls @ 0000020c8357e300] Error in the pull function.
[tls @ 0000020c8357e300] IO error: Error number -138 occurred
[https @ 0000020c83579a80] Will reconnect at 129675 in 0 second(s), error=Error number -138 occurred.
[tls @ 0000020c8357dd40] Error in the pull function.
[tls @ 0000020c8357dd40] IO error: Error number -138 occurred
[https @ 0000020c83579a80] Will reconnect at 129675 in 0 second(s), error=Error number -138 occurred.
[tls @ 0000020c8357dfc0] Error in the pull function.
[tls @ 0000020c8357dfc0] IO error: Error number -138 occurred
[https @ 0000020c83579a80] Will reconnect at 129675 in 0 second(s), error=Error number -138 occurred.
[tls @ 0000020c8357e140] Error in the pull function.
[tls @ 0000020c8357e140] IO error: Error number -138 occurred
[https @ 0000020c83579a80] Will reconnect at 129675 in 0 second(s), error=Error number -138 occurred.
[tls @ 0000020c8357dac0] Error in the pull function.
[tls @ 0000020c8357dac0] IO error: Error number -138 occurred
[https @ 0000020c83579a80] Will reconnect at 129675 in 0 second(s), error=Error number -138 occurred.
[tls @ 0000020c8357e140] Error in the pull function.
[tls @ 0000020c8357e140] IO error: Error number -138 occurred
[https @ 0000020c83579a80] Will reconnect at 129675 in 0 second(s), error=Error number -138 occurred.
[tls @ 0000020c8357dfc0] Error in the pull function.
[tls @ 0000020c8357dfc0] IO error: Error number -138 occurred
[https @ 0000020c83579a80] Will reconnect at 129675 in 0 second(s), error=Error number -138 occurred.
[tls @ 0000020c8357e140] Error in the pull function.
[tls @ 0000020c8357e140] IO error: Error number -138 occurred
[https @ 0000020c83579a80] Will reconnect at 129675 in 0 second(s), error=Error number -138 occurred.
[tls @ 0000020c8357dfc0] Error in the pull function.
[tls @ 0000020c8357dfc0] IO error: Error number -138 occurred
[https @ 0000020c83579a80] Will reconnect at 129675 in 0 second(s), error=Error number -138 occurred.
[tls @ 0000026b2f56ea00] Error in the pull function.
[tls @ 0000026b2f56ea00] IO error: Error number -138 occurred
[https @ 0000026b2f56a000] Will reconnect at 129675 in 0 second(s), error=Error number -138 occurred.
[tls @ 0000026b2f56e940] Error in the pull function.
[tls @ 0000026b2f56e940] IO error: Error number -138 occurred
[https @ 0000026b2f56a000] Will reconnect at 129675 in 0 second(s), error=Error number -138 occurred.
[tls @ 0000026b2f56f200] Error in the pull function.
[tls @ 0000026b2f56f200] IO error: Error number -138 occurred
[https @ 0000026b2f56a000] Will reconnect at 129675 in 0 second(s), error=Error number -138 occurred.
[tls @ 0000026b2f56f480] Error in the pull function.
[tls @ 0000026b2f56f480] IO error: Error number -138 occurred
[https @ 0000026b2f56a000] Will reconnect at 129675 in 0 second(s), error=Error number -138 occurred.
[tls @ 0000026b2f56efc0] Error in the pull function.
[tls @ 0000026b2f56efc0] IO error: Error number -138 occurred
[https @ 0000026b2f56a000] Will reconnect at 129675 in 0 second(s), error=Error number -138 occurred.
[tls @ 0000026b2f56f200] Error in the pull function.
[tls @ 0000026b2f56f200] IO error: Error number -138 occurred
[https @ 0000026b2f56a000] Will reconnect at 129675 in 0 second(s), error=Error number -138 occurred.
[tls @ 0000026b2f56e940] Error in the pull function.
[tls @ 0000026b2f56e940] IO error: Error number -138 occurred
[https @ 0000026b2f56a000] Will reconnect at 129675 in 0 second(s), error=Error number -138 occurred.
[tls @ 0000026b2f56efc0] Error in the pull function.
[tls @ 0000026b2f56efc0] IO error: Error number -138 occurred
[https @ 0000026b2f56a000] Will reconnect at 129675 in 0 second(s), error=Error number -138 occurred.
[tls @ 0000026b2f56ed40] Error in the pull function.
[tls @ 0000026b2f56ed40] IO error: Error number -138 occurred
[https @ 0000026b2f56a000] Will reconnect at 129675 in 0 second(s), error=Error number -138 occurred.
[tls @ 0000026b2f56eec0] Error in the pull function.
[tls @ 0000026b2f56eec0] IO error: Error number -138 occurred
[https @ 0000026b2f56a000] Will reconnect at 129675 in 0 second(s), error=Error number -138 occurred.
[tls @ 0000026b2f56f480] Error in the pull function.
[tls @ 0000026b2f56f480] IO error: Error number -138 occurred
[https @ 0000026b2f56a000] Will reconnect at 129675 in 0 second(s), error=Error number -138 occurred.
[tls @ 0000026b2f56f200] Error in the pull function.
[tls @ 0000026b2f56f200] IO error: Error number -138 occurred
[https @ 0000026b2f56a000] Will reconnect at 129675 in 0 second(s), error=Error number -138 occurred.
[tls @ 0000026b2f56f480] Error in the pull function.
[tls @ 0000026b2f56f480] IO error: Error number -138 occurred
[https @ 0000026b2f56a000] Will reconnect at 129675 in 0 second(s), error=Error number -138 occurred.
[tls @ 0000026b2f56eec0] Error in the pull function.
[tls @ 0000026b2f56eec0] IO error: Error number -138 occurred
[https @ 0000026b2f56a000] Will reconnect at 129675 in 0 second(s), error=Error number -138 occurred.
[tls @ 0000026b2f56e840] Error in the pull function.
[tls @ 0000026b2f56e840] IO error: Error number -138 occurred
[https @ 0000026b2f56a000] Will reconnect at 129675 in 0 second(s), error=Error number -138 occurred.
[tls @ 0000026b2f56ed40] Error in the pull function.
[tls @ 0000026b2f56ed40] IO error: Error number -138 occurred
[https @ 0000026b2f56a000] Will reconnect at 129675 in 0 second(s), error=Error number -138 occurred.
[tls @ 0000026b2f56ea00] Error in the pull function.
[tls @ 0000026b2f56ea00] IO error: Error number -138 occurred
[https @ 0000026b2f56a000] Will reconnect at 129675 in 0 second(s), error=Error number -138 occurred.
[tls @ 0000026b2f56ed40] Error in the pull function.
[tls @ 0000026b2f56ed40] IO error: Error number -138 occurred
[https @ 0000026b2f56a000] Will reconnect at 129675 in 0 second(s), error=Error number -138 occurred.
[tcp @ 0000026b2f56f200] Failed to resolve hostname s5.myradiostream.com: The name does not resolve for the supplied parameters
[https @ 0000026b2f56a000] Will reconnect at 0 in 0 second(s).
[tcp @ 0000026b2f56eec0] Failed to resolve hostname s5.myradiostream.com: The name does not resolve for the supplied parameters
[https @ 0000026b2f56a000] Will reconnect at 0 in 1 second(s).
[tls @ 0000026b2f56eec0] Error in the pull function.
[tls @ 0000026b2f56eec0] IO error: Error number -138 occurred
[https @ 0000026b2f56a000] Will reconnect at 129675 in 0 second(s), error=Error number -138 occurred.
[tls @ 0000026b2f56e6c0] Error in the pull function.
[tls @ 0000026b2f56e6c0] IO error: Error number -138 occurred
[https @ 0000026b2f56a000] Will reconnect at 129675 in 0 second(s), error=Error number -138 occurred.
