[tls @ 0000022f0d339740] Error in the pull function.
[tls @ 0000022f0d339740] IO error: Error number -138 occurred
[https @ 0000022f0d339100] Will reconnect at 129511 in 0 second(s), error=Error number -138 occurred.
[tls @ 0000022f0d339800] Error in the pull function.
[tls @ 0000022f0d339800] IO error: Error number -138 occurred
[https @ 0000022f0d339100] Will reconnect at 129511 in 0 second(s), error=Error number -138 occurred.
[tls @ 0000022f0d339c80] Error in the pull function.
[tls @ 0000022f0d339c80] IO error: Error number -138 occurred
[https @ 0000022f0d339100] Will reconnect at 129511 in 0 second(s), error=Error number -138 occurred.
[tls @ 0000022f0d3393c0] Error in the pull function.
[tls @ 0000022f0d3393c0] IO error: Error number -138 occurred
[https @ 0000022f0d339100] Will reconnect at 129511 in 0 second(s), error=Error number -138 occurred.
[tls @ 0000022f0d339800] Error in the pull function.
[tls @ 0000022f0d339800] IO error: Error number -138 occurred
[https @ 0000022f0d339100] Will reconnect at 129511 in 0 second(s), error=Error number -138 occurred.
[tls @ 0000022f0d339c80] Error in the pull function.
[tls @ 0000022f0d339c80] IO error: Error number -138 occurred
[https @ 0000022f0d339100] Will reconnect at 129511 in 0 second(s), error=Error number -138 occurred.
[tls @ 0000022f0d3399c0] Error in the pull function.
[tls @ 0000022f0d3399c0] IO error: Error number -138 occurred
[https @ 0000022f0d339100] Will reconnect at 129511 in 0 second(s), error=Error number -138 occurred.
[tls @ 0000022f0d339200] Error in the pull function.
[tls @ 0000022f0d339200] IO error: Error number -138 occurred
[https @ 0000022f0d339100] Will reconnect at 129511 in 0 second(s), error=Error number -138 occurred.
[tls @ 0000022f0d339740] Error in the pull function.
[tls @ 0000022f0d339740] IO error: Error number -138 occurred
[https @ 0000022f0d339100] Will reconnect at 129511 in 0 second(s), error=Error number -138 occurred.
[tls @ 0000022f0d3393c0] Error in the pull function.
[tls @ 0000022f0d3393c0] IO error: Error number -138 occurred
[https @ 0000022f0d339100] Will reconnect at 129511 in 0 second(s), error=Error number -138 occurred.
[tls @ 0000022f0d339480] Error in the pull function.
[tls @ 0000022f0d339480] IO error: Error number -138 occurred
[https @ 0000022f0d339100] Will reconnect at 129511 in 0 second(s), error=Error number -138 occurred.
[tls @ 0000022f0d339640] Error in the pull function.
[tls @ 0000022f0d339640] IO error: Error number -138 occurred
[https @ 0000022f0d339100] Will reconnect at 129511 in 0 second(s), error=Error number -138 occurred.
[tls @ 0000022f0d3392c0] Error in the pull function.
[tls @ 0000022f0d3392c0] IO error: Error number -138 occurred
[https @ 0000022f0d339100] Will reconnect at 129511 in 0 second(s), error=Error number -138 occurred.
[tls @ 0000022f0d339200] Error in the pull function.
[tls @ 0000022f0d339200] IO error: Error number -138 occurred
[https @ 0000022f0d339100] Will reconnect at 129511 in 0 second(s), error=Error number -138 occurred.
[tls @ 0000022f0d339ac0] Error in the pull function.
[tls @ 0000022f0d339ac0] IO error: Error number -138 occurred
[https @ 0000022f0d339100] Will reconnect at 129511 in 0 second(s), error=Error number -138 occurred.
[tls @ 0000022f0d339480] Error in the pull function.
[tls @ 0000022f0d339480] IO error: Error number -138 occurred
[https @ 0000022f0d339100] Will reconnect at 129511 in 0 second(s), error=Error number -138 occurred.
[tls @ 0000022f0d3399c0] Error in the pull function.
[tls @ 0000022f0d3399c0] IO error: Error number -138 occurred
[https @ 0000022f0d339100] Will reconnect at 129511 in 0 second(s), error=Error number -138 occurred.
[tls @ 00000282b687a3c0] Error in the pull function.
[tls @ 00000282b687a3c0] IO error: Error number -138 occurred
[https @ 00000282b687a480] Will reconnect at 129511 in 0 second(s), error=Error number -138 occurred.
[tls @ 00000282b6879cc0] Error in the pull function.
[tls @ 00000282b6879cc0] IO error: Error number -138 occurred
[https @ 00000282b687a480] Will reconnect at 129511 in 0 second(s), error=Error number -138 occurred.
[tls @ 00000282b687a3c0] Error in the pull function.
[tls @ 00000282b687a3c0] IO error: Error number -138 occurred
[https @ 00000282b687a480] Will reconnect at 129511 in 0 second(s), error=Error number -138 occurred.
[tls @ 00000282b687a2c0] Error in the pull function.
[tls @ 00000282b687a2c0] IO error: Error number -138 occurred
[https @ 00000282b687a480] Will reconnect at 129511 in 0 second(s), error=Error number -138 occurred.
[tls @ 00000282b6879cc0] Error in the pull function.
[tls @ 00000282b6879cc0] IO error: Error number -138 occurred
[https @ 00000282b687a480] Will reconnect at 129511 in 0 second(s), error=Error number -138 occurred.
[tls @ 00000282b687a9c0] Error in the pull function.
[tls @ 00000282b687a9c0] IO error: Error number -138 occurred
[https @ 00000282b687a480] Will reconnect at 129511 in 0 second(s), error=Error number -138 occurred.
[tls @ 00000282b6879e80] Error in the pull function.
[tls @ 00000282b6879e80] IO error: Error number -138 occurred
[https @ 00000282b687a480] Will reconnect at 129511 in 0 second(s), error=Error number -138 occurred.
[tls @ 00000282b6879f40] Error in the pull function.
[tls @ 00000282b6879f40] IO error: Error number -138 occurred
[https @ 00000282b687a480] Will reconnect at 129511 in 0 second(s), error=Error number -138 occurred.
[tls @ 00000282b687a9c0] Error in the pull function.
[tls @ 00000282b687a9c0] IO error: Error number -138 occurred
[https @ 00000282b687a480] Will reconnect at 129511 in 0 second(s), error=Error number -138 occurred.
[tls @ 00000282b6879cc0] Error in the pull function.
[tls @ 00000282b6879cc0] IO error: Error number -138 occurred
[https @ 00000282b687a480] Will reconnect at 129511 in 0 second(s), error=Error number -138 occurred.
[tls @ 00000282b6879e80] Error in the pull function.
[tls @ 00000282b6879e80] IO error: Error number -138 occurred
[https @ 00000282b687a480] Will reconnect at 129511 in 0 second(s), error=Error number -138 occurred.
[tls @ 00000282b687a640] Error in the pull function.
[tls @ 00000282b687a640] IO error: Error number -138 occurred
[https @ 00000282b687a480] Will reconnect at 129511 in 0 second(s), error=Error number -138 occurred.
[tls @ 00000282b6879f40] Error in the pull function.
[tls @ 00000282b6879f40] IO error: Error number -138 occurred
[https @ 00000282b687a480] Will reconnect at 129511 in 0 second(s), error=Error number -138 occurred.
[tls @ 00000282b687a740] Error in the pull function.
[tls @ 00000282b687a740] IO error: Error number -138 occurred
[https @ 00000282b687a480] Will reconnect at 129511 in 0 second(s), error=Error number -138 occurred.
[tls @ 00000282b687a040] Error in the pull function.
[tls @ 00000282b687a040] IO error: Error number -138 occurred
[https @ 00000282b687a480] Will reconnect at 129511 in 0 second(s), error=Error number -138 occurred.
[tls @ 00000282b687a900] Error in the pull function.
[tls @ 00000282b687a900] IO error: Error number -138 occurred
[https @ 00000282b687a480] Will reconnect at 129511 in 0 second(s), error=Error number -138 occurred.
[tls @ 00000282b687a040] Error in the pull function.
[tls @ 00000282b687a040] IO error: Error number -10054 occurred
[https @ 00000282b687a480] Will reconnect at 49170 in 0 second(s), error=Error number -10054 occurred.
[tcp @ 00000282b6879d80] Failed to resolve hostname s43.myradiostream.com: The name does not resolve for the supplied parameters
[https @ 00000282b687a480] Will reconnect at 0 in 0 second(s).
[tcp @ 00000282b687a2c0] Failed to resolve hostname s43.myradiostream.com: The name does not resolve for the supplied parameters
[https @ 00000282b687a480] Will reconnect at 0 in 1 second(s).
[aac @ 00000282b6d63640] Number of bands (51) exceeds limit (43).
[aist#0:0/aac @ 00000282b6d12d00] [dec:aac @ 00000282b6d5d300] Error submitting packet to decoder: Invalid data found when processing input
[aac @ 00000282b6d63640] Number of bands (53) exceeds limit (43).
[aist#0:0/aac @ 00000282b6d12d00] [dec:aac @ 00000282b6d5d300] Error submitting packet to decoder: Invalid data found when processing input
[aac @ 00000282b6d63640] noise_facs_q 252 is invalid
[aac @ 00000282b6d63640] Gain control is not implemented. Update your FFmpeg version to the newest one from Git. If the problem still occurs, it means that your file has a feature which has not been implemented.
[aac @ 00000282b6d63640] Number of bands (45) exceeds limit (43).
[aist#0:0/aac @ 00000282b6d12d00] [dec:aac @ 00000282b6d5d300] Error submitting packet to decoder: Invalid data found when processing input
[aac @ 00000282b6d63640] Input buffer exhausted before END element found
[aist#0:0/aac @ 00000282b6d12d00] [dec:aac @ 00000282b6d5d300] Error submitting packet to decoder: Invalid data found when processing input
[aac @ 00000282b6d63640] Number of bands (49) exceeds limit (43).
[aist#0:0/aac @ 00000282b6d12d00] [dec:aac @ 00000282b6d5d300] Error submitting packet to decoder: Invalid data found when processing input
[aac @ 00000282b6d63640] Number of bands (47) exceeds limit (43).
[aist#0:0/aac @ 00000282b6d12d00] [dec:aac @ 00000282b6d5d300] Error submitting packet to decoder: Invalid data found when processing input
[aac @ 00000282b6d63640] Number of bands (61) exceeds limit (43).
[aist#0:0/aac @ 00000282b6d12d00] [dec:aac @ 00000282b6d5d300] Error submitting packet to decoder: Invalid data found when processing input
[aac @ 00000282b6d63640] decode_band_types: Input buffer exhausted before END element found
[aist#0:0/aac @ 00000282b6d12d00] [dec:aac @ 00000282b6d5d300] Error submitting packet to decoder: Invalid data found when processing input
[aac @ 00000282b6d63640] Number of bands (47) exceeds limit (43).
[aist#0:0/aac @ 00000282b6d12d00] [dec:aac @ 00000282b6d5d300] Error submitting packet to decoder: Invalid data found when processing input
[aac @ 00000282b6d63640] Pulse data corrupt or invalid.
[aist#0:0/aac @ 00000282b6d12d00] [dec:aac @ 00000282b6d5d300] Error submitting packet to decoder: Invalid data found when processing input
[aac @ 00000282b6d63640] Number of bands (69) exceeds limit (43).
[aist#0:0/aac @ 00000282b6d12d00] [dec:aac @ 00000282b6d5d300] Error submitting packet to decoder: Invalid data found when processing input
[aac @ 00000282b6d63640] Expected to read 15 SBR bytes actually read 18.
[aac @ 00000282b6d63640] channel element 2.11 is not allocated
[aist#0:0/aac @ 00000282b6d12d00] [dec:aac @ 00000282b6d5d300] Error submitting packet to decoder: Invalid data found when processing input
[aac @ 00000282b6d63640] TYPE_FIL: Input buffer exhausted before END element found
[aist#0:0/aac @ 00000282b6d12d00] [dec:aac @ 00000282b6d5d300] Error submitting packet to decoder: Invalid data found when processing input
[aac @ 00000282b6d63640] Number of bands (53) exceeds limit (43).
[aist#0:0/aac @ 00000282b6d12d00] [dec:aac @ 00000282b6d5d300] Error submitting packet to decoder: Invalid data found when processing input
[tls @ 00000282b687a3c0] Error in the pull function.
[tls @ 00000282b687a3c0] IO error: Error number -138 occurred
[https @ 00000282b687a480] Will reconnect at 129511 in 0 second(s), error=Error number -138 occurred.
[tls @ 00000282b6879cc0] Error in the pull function.
[tls @ 00000282b6879cc0] IO error: Error number -138 occurred
[https @ 00000282b687a480] Will reconnect at 129511 in 0 second(s), error=Error number -138 occurred.
