[mp3float @ 00000151de95d340] Header missing
[aist#0:0/mp3 @ 00000151de8c94c0] [dec:mp3float @ 00000151de8cd9c0] Error submitting packet to decoder: Invalid data found when processing input
[mp3float @ 00000151de95d340] Header missing
[aist#0:0/mp3 @ 00000151de8c94c0] [dec:mp3float @ 00000151de8cd9c0] Error submitting packet to decoder: Invalid data found when processing input
[mp3float @ 00000151de95d340] Header missing
[aist#0:0/mp3 @ 00000151de8c94c0] [dec:mp3float @ 00000151de8cd9c0] Error submitting packet to decoder: Invalid data found when processing input
[mp3float @ 00000151de95d340] Header missing
[aist#0:0/mp3 @ 00000151de8c94c0] [dec:mp3float @ 00000151de8cd9c0] Error submitting packet to decoder: Invalid data found when processing input
[libmp3lame @ 00000151de8d3b00] Queue input is backward in time
[aost#0:0/libmp3lame @ 00000151de8d38c0] Non-monotonic DTS; previous: 14589785, current: 14588863; changing to 14589786. This may result in incorrect timestamps in the output file.
[mp3float @ 00000151de95d340] Header missing
[aist#0:0/mp3 @ 00000151de8c94c0] [dec:mp3float @ 00000151de8cd9c0] Error submitting packet to decoder: Invalid data found when processing input
[mp3float @ 00000151de95d340] Header missing
[aist#0:0/mp3 @ 00000151de8c94c0] [dec:mp3float @ 00000151de8cd9c0] Error submitting packet to decoder: Invalid data found when processing input
[mp3float @ 00000151de95d340] Header missing
[aist#0:0/mp3 @ 00000151de8c94c0] [dec:mp3float @ 00000151de8cd9c0] Error submitting packet to decoder: Invalid data found when processing input
[mp3float @ 00000151de95d340] Header missing
[aist#0:0/mp3 @ 00000151de8c94c0] [dec:mp3float @ 00000151de8cd9c0] Error submitting packet to decoder: Invalid data found when processing input
[mp3float @ 00000151de95d340] Header missing
[aist#0:0/mp3 @ 00000151de8c94c0] [dec:mp3float @ 00000151de8cd9c0] Error submitting packet to decoder: Invalid data found when processing input
[mp3float @ 00000151de95d340] Header missing
[aist#0:0/mp3 @ 00000151de8c94c0] [dec:mp3float @ 00000151de8cd9c0] Error submitting packet to decoder: Invalid data found when processing input
[mp3float @ 00000151de95d340] Header missing
[aist#0:0/mp3 @ 00000151de8c94c0] [dec:mp3float @ 00000151de8cd9c0] Error submitting packet to decoder: Invalid data found when processing input
[mp3float @ 00000151de95d340] Header missing
[aist#0:0/mp3 @ 00000151de8c94c0] [dec:mp3float @ 00000151de8cd9c0] Error submitting packet to decoder: Invalid data found when processing input
[mp3float @ 00000151de95d340] Header missing
[aist#0:0/mp3 @ 00000151de8c94c0] [dec:mp3float @ 00000151de8cd9c0] Error submitting packet to decoder: Invalid data found when processing input
[mp3float @ 00000151de95d340] Header missing
[aist#0:0/mp3 @ 00000151de8c94c0] [dec:mp3float @ 00000151de8cd9c0] Error submitting packet to decoder: Invalid data found when processing input
[mp3float @ 00000151de95d340] Header missing
[aist#0:0/mp3 @ 00000151de8c94c0] [dec:mp3float @ 00000151de8cd9c0] Error submitting packet to decoder: Invalid data found when processing input
[mp3float @ 00000151de95d340] Header missing
[aist#0:0/mp3 @ 00000151de8c94c0] [dec:mp3float @ 00000151de8cd9c0] Error submitting packet to decoder: Invalid data found when processing input
[mp3float @ 00000151de95d340] Header missing
[aist#0:0/mp3 @ 00000151de8c94c0] [dec:mp3float @ 00000151de8cd9c0] Error submitting packet to decoder: Invalid data found when processing input
[mp3float @ 00000151de95d340] Header missing
[aist#0:0/mp3 @ 00000151de8c94c0] [dec:mp3float @ 00000151de8cd9c0] Error submitting packet to decoder: Invalid data found when processing input
[mp3float @ 00000222e1b0fa80] Header missing
[aist#0:0/mp3 @ 00000222e1a8e540] [dec:mp3float @ 00000222e1ad5a00] Error submitting packet to decoder: Invalid data found when processing input
[mp3float @ 00000222e1b0fa80] Header missing
[aist#0:0/mp3 @ 00000222e1a8e540] [dec:mp3float @ 00000222e1ad5a00] Error submitting packet to decoder: Invalid data found when processing input
[mp3float @ 00000222e1b0fa80] Header missing
[aist#0:0/mp3 @ 00000222e1a8e540] [dec:mp3float @ 00000222e1ad5a00] Error submitting packet to decoder: Invalid data found when processing input
[mp3float @ 00000222e1b0fa80] Header missing
[aist#0:0/mp3 @ 00000222e1a8e540] [dec:mp3float @ 00000222e1ad5a00] Error submitting packet to decoder: Invalid data found when processing input
[mp3float @ 00000222e1b0fa80] Header missing
[aist#0:0/mp3 @ 00000222e1a8e540] [dec:mp3float @ 00000222e1ad5a00] Error submitting packet to decoder: Invalid data found when processing input
[mp3float @ 00000222e1b0fa80] Header missing
[aist#0:0/mp3 @ 00000222e1a8e540] [dec:mp3float @ 00000222e1ad5a00] Error submitting packet to decoder: Invalid data found when processing input
[mp3float @ 00000222e1b0fa80] Header missing
[aist#0:0/mp3 @ 00000222e1a8e540] [dec:mp3float @ 00000222e1ad5a00] Error submitting packet to decoder: Invalid data found when processing input
[mp3float @ 00000222e1b0fa80] Header missing
[aist#0:0/mp3 @ 00000222e1a8e540] [dec:mp3float @ 00000222e1ad5a00] Error submitting packet to decoder: Invalid data found when processing input
[mp3float @ 00000222e1b0fa80] Header missing
[aist#0:0/mp3 @ 00000222e1a8e540] [dec:mp3float @ 00000222e1ad5a00] Error submitting packet to decoder: Invalid data found when processing input
[mp3float @ 00000222e1b0fa80] Header missing
[aist#0:0/mp3 @ 00000222e1a8e540] [dec:mp3float @ 00000222e1ad5a00] Error submitting packet to decoder: Invalid data found when processing input
[mp3float @ 00000222e1b0fa80] Header missing
[aist#0:0/mp3 @ 00000222e1a8e540] [dec:mp3float @ 00000222e1ad5a00] Error submitting packet to decoder: Invalid data found when processing input
[mp3float @ 00000222e1b0fa80] Header missing
[aist#0:0/mp3 @ 00000222e1a8e540] [dec:mp3float @ 00000222e1ad5a00] Error submitting packet to decoder: Invalid data found when processing input
[mp3float @ 00000222e1b0fa80] Header missing
[aist#0:0/mp3 @ 00000222e1a8e540] [dec:mp3float @ 00000222e1ad5a00] Error submitting packet to decoder: Invalid data found when processing input
[mp3float @ 00000222e1b0fa80] Header missing
[aist#0:0/mp3 @ 00000222e1a8e540] [dec:mp3float @ 00000222e1ad5a00] Error submitting packet to decoder: Invalid data found when processing input
[mp3float @ 00000222e1b0fa80] Header missing
[aist#0:0/mp3 @ 00000222e1a8e540] [dec:mp3float @ 00000222e1ad5a00] Error submitting packet to decoder: Invalid data found when processing input
[mp3float @ 00000222e1b0fa80] Header missing
[aist#0:0/mp3 @ 00000222e1a8e540] [dec:mp3float @ 00000222e1ad5a00] Error submitting packet to decoder: Invalid data found when processing input
[mp3float @ 00000222e1b0fa80] Header missing
[aist#0:0/mp3 @ 00000222e1a8e540] [dec:mp3float @ 00000222e1ad5a00] Error submitting packet to decoder: Invalid data found when processing input
[mp3float @ 00000222e1b0fa80] Header missing
[aist#0:0/mp3 @ 00000222e1a8e540] [dec:mp3float @ 00000222e1ad5a00] Error submitting packet to decoder: Invalid data found when processing input
[mp3float @ 00000222e1b0fa80] Header missing
[aist#0:0/mp3 @ 00000222e1a8e540] [dec:mp3float @ 00000222e1ad5a00] Error submitting packet to decoder: Invalid data found when processing input
[mp3float @ 00000222e1b0fa80] Header missing
[aist#0:0/mp3 @ 00000222e1a8e540] [dec:mp3float @ 00000222e1ad5a00] Error submitting packet to decoder: Invalid data found when processing input
[tls @ 00000222e14ce800] Error in the pull function.
[tls @ 00000222e14ce800] IO error: Error number -10054 occurred
[https @ 00000222e14c9f80] Will reconnect at 4560258 in 0 second(s), error=Error number -10054 occurred.
[tcp @ 00000222e14cf500] Failed to resolve hostname s9.yesstreaming.net: The name does not resolve for the supplied parameters
[https @ 00000222e14c9f80] Will reconnect at 0 in 0 second(s).
[tcp @ 00000222e14cee80] Failed to resolve hostname s9.yesstreaming.net: The name does not resolve for the supplied parameters
[https @ 00000222e14c9f80] Will reconnect at 0 in 1 second(s).
[mp3float @ 00000222e1b0fa80] Header missing
[aist#0:0/mp3 @ 00000222e1a8e540] [dec:mp3float @ 00000222e1ad5a00] Error submitting packet to decoder: Invalid data found when processing input
[mp3float @ 00000222e1b0fa80] Header missing
[aist#0:0/mp3 @ 00000222e1a8e540] [dec:mp3float @ 00000222e1ad5a00] Error submitting packet to decoder: Invalid data found when processing input
[mp3float @ 00000222e1b0fa80] Header missing
[aist#0:0/mp3 @ 00000222e1a8e540] [dec:mp3float @ 00000222e1ad5a00] Error submitting packet to decoder: Invalid data found when processing input
[mp3float @ 00000222e1b0fa80] Header missing
[aist#0:0/mp3 @ 00000222e1a8e540] [dec:mp3float @ 00000222e1ad5a00] Error submitting packet to decoder: Invalid data found when processing input
[mp3float @ 00000222e1b0fa80] Header missing
[aist#0:0/mp3 @ 00000222e1a8e540] [dec:mp3float @ 00000222e1ad5a00] Error submitting packet to decoder: Invalid data found when processing input
[mp3float @ 00000222e1b0fa80] Header missing
[aist#0:0/mp3 @ 00000222e1a8e540] [dec:mp3float @ 00000222e1ad5a00] Error submitting packet to decoder: Invalid data found when processing input
[mp3float @ 00000222e1b0fa80] Header missing
[aist#0:0/mp3 @ 00000222e1a8e540] [dec:mp3float @ 00000222e1ad5a00] Error submitting packet to decoder: Invalid data found when processing input
[mp3float @ 00000222e1b0fa80] Header missing
[aist#0:0/mp3 @ 00000222e1a8e540] [dec:mp3float @ 00000222e1ad5a00] Error submitting packet to decoder: Invalid data found when processing input
[mp3float @ 00000222e1b0fa80] Header missing
[aist#0:0/mp3 @ 00000222e1a8e540] [dec:mp3float @ 00000222e1ad5a00] Error submitting packet to decoder: Invalid data found when processing input
[mp3float @ 00000222e1b0fa80] Header missing
[aist#0:0/mp3 @ 00000222e1a8e540] [dec:mp3float @ 00000222e1ad5a00] Error submitting packet to decoder: Invalid data found when processing input
[mp3float @ 00000222e1b0fa80] Header missing
[aist#0:0/mp3 @ 00000222e1a8e540] [dec:mp3float @ 00000222e1ad5a00] Error submitting packet to decoder: Invalid data found when processing input
[mp3float @ 00000222e1b0fa80] Header missing
[aist#0:0/mp3 @ 00000222e1a8e540] [dec:mp3float @ 00000222e1ad5a00] Error submitting packet to decoder: Invalid data found when processing input
[mp3float @ 00000222e1b0fa80] Header missing
[aist#0:0/mp3 @ 00000222e1a8e540] [dec:mp3float @ 00000222e1ad5a00] Error submitting packet to decoder: Invalid data found when processing input
[mp3float @ 00000222e1b0fa80] Header missing
[aist#0:0/mp3 @ 00000222e1a8e540] [dec:mp3float @ 00000222e1ad5a00] Error submitting packet to decoder: Invalid data found when processing input
[mp3float @ 00000222e1b0fa80] Header missing
[aist#0:0/mp3 @ 00000222e1a8e540] [dec:mp3float @ 00000222e1ad5a00] Error submitting packet to decoder: Invalid data found when processing input
