[tls @ 000001bdfc7af5c0] Error in the pull function.
[tls @ 000001bdfc7af5c0] IO error: Error number -138 occurred
[https @ 000001bdfc7aa880] Will reconnect at 0 in 0 second(s), error=Error number -138 occurred.
[tls @ 000001bdfc7ae800] Error in the pull function.
[tls @ 000001bdfc7ae800] IO error: Error number -138 occurred
[https @ 000001bdfc7aa880] Will reconnect at 0 in 1 second(s), error=Error number -138 occurred.
[tls @ 000001bdfc7af000] Error in the pull function.
[tls @ 000001bdfc7af000] IO error: Error number -138 occurred
[https @ 000001bdfc7aa880] Will reconnect at 0 in 3 second(s), error=Error number -138 occurred.
[tls @ 000001bdfc7ae980] Error in the pull function.
[tls @ 000001bdfc7ae980] IO error: Error number -138 occurred
[https @ 000001bdfc7aa880] Will reconnect at 0 in 0 second(s).
[tls @ 000001bdfc7ae980] Error in the pull function.
[tls @ 000001bdfc7ae980] IO error: Error number -138 occurred
[https @ 000001bdfc7aa880] Will reconnect at 0 in 1 second(s).
[tls @ 000001bdfc7aee80] Error in the pull function.
[tls @ 000001bdfc7aee80] IO error: Error number -138 occurred
[https @ 000001bdfc7aa880] Will reconnect at 0 in 3 second(s).
[tls @ 000001bdfc7af440] Error in the pull function.
[tls @ 000001bdfc7af440] IO error: Error number -138 occurred
[https @ 000001bdfc7aa880] Will reconnect at 0 in 7 second(s).
[tls @ 000001bdfc7aedc0] Error in the pull function.
[tls @ 000001bdfc7aedc0] IO error: Error number -138 occurred
[https @ 000001bdfc7aa880] Will reconnect at 0 in 7 second(s), error=Error number -138 occurred.
[tls @ 000001bdfc7aee80] Error in the pull function.
[tls @ 000001bdfc7aee80] IO error: Error number -138 occurred
[https @ 000001bdfc7aa880] Will reconnect at 0 in 15 second(s), error=Error number -138 occurred.
[tls @ 000001bdfc7af280] Error in the pull function.
[tls @ 000001bdfc7af280] IO error: Error number -138 occurred
[https @ 000001bdfc7aa880] Will reconnect at 0 in 0 second(s).
[tls @ 000001bdfc7ae980] Error in the pull function.
[tls @ 000001bdfc7ae980] IO error: Error number -138 occurred
[https @ 000001bdfc7aa880] Will reconnect at 0 in 1 second(s).
[tls @ 000001bdfc7af500] Error in the pull function.
[tls @ 000001bdfc7af500] IO error: Error number -138 occurred
[https @ 000001bdfc7aa880] Will reconnect at 0 in 3 second(s).
[tls @ 000001bdfc7aecc0] Error in the pull function.
[tls @ 000001bdfc7aecc0] IO error: Error number -138 occurred
[in#0 @ 000001bdfc7a73c0] Error opening input: I/O error
Error opening input file https://pzmstream.live/stream.ogg.
Error opening input files: I/O error
